mode: set
pricingengine/calculator/calculate_all.go:15.32,17.2 1 1
pricingengine/calculator/calculate_all.go:25.110,28.16 2 1
pricingengine/calculator/calculate_all.go:31.2,34.16 4 1
pricingengine/calculator/calculate_all.go:37.2,39.16 3 1
pricingengine/calculator/calculate_all.go:42.2,44.16 3 1
pricingengine/calculator/calculate_all.go:47.2,51.27 5 1
pricingengine/calculator/calculate_all.go:55.2,55.20 1 1
pricingengine/calculator/calculate_all.go:28.16,30.3 1 1
pricingengine/calculator/calculate_all.go:34.16,36.3 1 0
pricingengine/calculator/calculate_all.go:39.16,41.3 1 1
pricingengine/calculator/calculate_all.go:44.16,46.3 1 0
pricingengine/calculator/calculate_all.go:51.27,53.3 1 1
pricingengine/calculator/driver_age.go:15.36,17.2 1 1
pricingengine/calculator/driver_age.go:26.58,28.16 2 1
pricingengine/calculator/driver_age.go:32.2,33.15 2 1
pricingengine/calculator/driver_age.go:36.2,36.17 1 1
pricingengine/calculator/driver_age.go:28.16,30.3 1 1
pricingengine/calculator/driver_age.go:33.15,35.3 1 1
pricingengine/calculator/driver_age.go:40.69,43.15 3 1
pricingengine/calculator/driver_age.go:49.2,49.19 1 1
pricingengine/calculator/driver_age.go:43.15,46.3 1 0
pricingengine/calculator/driver_age.go:46.8,48.3 1 1
pricingengine/calculator/insurance.go:14.44,16.2 1 1
pricingengine/calculator/insurance.go:24.72,27.34 2 1
pricingengine/calculator/insurance.go:30.2,31.34 2 1
pricingengine/calculator/insurance.go:27.34,29.3 1 1
pricingengine/calculator/license.go:16.40,18.2 1 1
pricingengine/calculator/license.go:26.70,30.16 3 1
pricingengine/calculator/license.go:34.2,36.20 3 1
pricingengine/calculator/license.go:39.2,39.36 1 0
pricingengine/calculator/license.go:30.16,32.3 1 0
pricingengine/calculator/license.go:36.20,38.3 1 1
pricingengine/service/service.go:16.14,28.2 7 1
